2025-12-07 02:46:18.060 error: 	moise--Se produjo un error interno del servidor 
Invalid `this.prisma.usuario.create()` invocation in
E:\Universidad 2025\Software Libre\Proyecto Completo p\EducationalSystem\server\source\controllers\usuarioController.ts:140:52

  137 try {
  138   const body = request.body;
  139 
→ 140   const newTecnico = await this.prisma.usuario.create({
          data: {
            correo: undefined,
            activo: false,
            carga_actual: 0,
            especialidades: {
              connect: undefined
            },
            id_rol: "TECNICO",
            disponible: true,
        +   nombre: String
          }
        })

Argument `nombre` is missing.
2025-12-07 02:58:57.957 error: 	moise--Se produjo un error interno del servidor 
Invalid `this.prisma.usuario.create()` invocation in
E:\Universidad 2025\Software Libre\Proyecto Completo p\EducationalSystem\server\source\controllers\usuarioController.ts:140:52

  137 try {
  138   const body = request.body;
  139 
→ 140   const newTecnico = await this.prisma.usuario.create({
          data: {
            correo: undefined,
            activo: false,
            carga_actual: 0,
            especialidades: {
              connect: undefined
            },
            id_rol: "TECNICO",
            disponible: true,
        +   nombre: String
          }
        })

Argument `nombre` is missing.
